<?xml version="1.0" encoding="UTF-8"?>
<!-- Generated by org.testng.reporters.JUnitReportReporter -->
<testsuite skipped="0" hostname="Abdulkhakova-pc" name="test.test" tests="1" failures="0" timestamp="05 дек 2018 22:20:14 GMT" time="11.234" errors="0">
  <testcase name="_try" time="11.234" classname="test.test"/>
</testsuite> <!-- test.test -->
