<?xml version="1.0" encoding="UTF-8"?>
<!-- Generated by org.testng.reporters.JUnitReportReporter -->
<testsuite skipped="0" hostname="Abdulkhakova-pc" name="tests.FirstTest" tests="1" failures="0" timestamp="04 дек 2018 03:31:19 GMT" time="30.034" errors="0">
  <testcase name="action" time="30.034" classname="tests.FirstTest"/>
</testsuite> <!-- tests.FirstTest -->
