<?xml version="1.0" encoding="UTF-8"?>
<!-- Generated by org.testng.reporters.JUnitReportReporter -->
<testsuite skipped="0" hostname="Abdulkhakova-pc" name="test.FirstTest" tests="1" failures="0" timestamp="05 дек 2018 20:56:16 GMT" time="12.639" errors="0">
  <testcase name="action" time="12.639" classname="test.FirstTest"/>
</testsuite> <!-- test.FirstTest -->
