<?xml version="1.0" encoding="UTF-8"?>
<!-- Generated by org.testng.reporters.JUnitReportReporter -->
<testsuite skipped="0" hostname="Abdulkhakova-pc" name="test.TestTask" tests="1" failures="0" timestamp="09 дек 2018 19:19:11 GMT" time="52.208" errors="0">
  <testcase name="test" time="52.208" classname="test.TestTask"/>
</testsuite> <!-- test.TestTask -->
